{"D:\\Kuliah\\Synrgy Academy\\Challange\\Chapter 8\\24001143-synrgy7-sahid-bcrfrontend-ch8\\src\\components\\elements\\deleteModal.tsx": {"path":"D:\\Kuliah\\Synrgy Academy\\Challange\\Chapter 8\\24001143-synrgy7-sahid-bcrfrontend-ch8\\src\\components\\elements\\deleteModal.tsx","statementMap":{"0":{"start":{"line":1,"column":0},"end":{"line":1,"column":38}},"1":{"start":{"line":2,"column":0},"end":{"line":2,"column":55}},"2":{"start":{"line":8,"column":48},"end":{"line":32,"column":1}},"3":{"start":{"line":9,"column":2},"end":{"line":31,"column":null}},"4":{"start":{"line":34,"column":0},"end":{"line":34,"column":null}}},"fnMap":{"0":{"name":"(anonymous_1)","decl":{"start":{"line":8,"column":48},"end":{"line":8,"column":49}},"loc":{"start":{"line":8,"column":76},"end":{"line":32,"column":1}}}},"branchMap":{},"s":{"0":1,"1":1,"2":1,"3":1,"4":1},"f":{"0":1},"b":{}}
,"D:\\Kuliah\\Synrgy Academy\\Challange\\Chapter 8\\24001143-synrgy7-sahid-bcrfrontend-ch8\\src\\components\\fragments\\Auth\\authSection.tsx": {"path":"D:\\Kuliah\\Synrgy Academy\\Challange\\Chapter 8\\24001143-synrgy7-sahid-bcrfrontend-ch8\\src\\components\\fragments\\Auth\\authSection.tsx","statementMap":{"0":{"start":{"line":1,"column":0},"end":{"line":1,"column":58}},"1":{"start":{"line":5,"column":48},"end":{"line":16,"column":1}},"2":{"start":{"line":6,"column":2},"end":{"line":15,"column":null}},"3":{"start":{"line":18,"column":0},"end":{"line":18,"column":null}}},"fnMap":{"0":{"name":"(anonymous_1)","decl":{"start":{"line":5,"column":48},"end":{"line":5,"column":49}},"loc":{"start":{"line":5,"column":65},"end":{"line":16,"column":1}}}},"branchMap":{},"s":{"0":1,"1":1,"2":1,"3":1},"f":{"0":1},"b":{}}
,"D:\\Kuliah\\Synrgy Academy\\Challange\\Chapter 8\\24001143-synrgy7-sahid-bcrfrontend-ch8\\src\\components\\fragments\\Dashboard\\dashboard.tsx": {"path":"D:\\Kuliah\\Synrgy Academy\\Challange\\Chapter 8\\24001143-synrgy7-sahid-bcrfrontend-ch8\\src\\components\\fragments\\Dashboard\\dashboard.tsx","statementMap":{"0":{"start":{"line":1,"column":28},"end":{"line":20,"column":1}},"1":{"start":{"line":2,"column":2},"end":{"line":19,"column":null}},"2":{"start":{"line":22,"column":0},"end":{"line":22,"column":null}}},"fnMap":{"0":{"name":"(anonymous_0)","decl":{"start":{"line":1,"column":28},"end":{"line":1,"column":31}},"loc":{"start":{"line":1,"column":33},"end":{"line":20,"column":1}}}},"branchMap":{},"s":{"0":1,"1":1,"2":1},"f":{"0":1},"b":{}}
,"D:\\Kuliah\\Synrgy Academy\\Challange\\Chapter 8\\24001143-synrgy7-sahid-bcrfrontend-ch8\\src\\components\\fragments\\LandingPage\\faqSection.tsx": {"path":"D:\\Kuliah\\Synrgy Academy\\Challange\\Chapter 8\\24001143-synrgy7-sahid-bcrfrontend-ch8\\src\\components\\fragments\\LandingPage\\faqSection.tsx","statementMap":{"0":{"start":{"line":1,"column":29},"end":{"line":97,"column":1}},"1":{"start":{"line":2,"column":2},"end":{"line":96,"column":null}},"2":{"start":{"line":99,"column":0},"end":{"line":99,"column":null}}},"fnMap":{"0":{"name":"(anonymous_0)","decl":{"start":{"line":1,"column":29},"end":{"line":1,"column":32}},"loc":{"start":{"line":1,"column":34},"end":{"line":97,"column":1}}}},"branchMap":{},"s":{"0":1,"1":1,"2":1},"f":{"0":1},"b":{}}
,"D:\\Kuliah\\Synrgy Academy\\Challange\\Chapter 8\\24001143-synrgy7-sahid-bcrfrontend-ch8\\src\\components\\fragments\\LandingPage\\footer.tsx": {"path":"D:\\Kuliah\\Synrgy Academy\\Challange\\Chapter 8\\24001143-synrgy7-sahid-bcrfrontend-ch8\\src\\components\\fragments\\LandingPage\\footer.tsx","statementMap":{"0":{"start":{"line":1,"column":0},"end":{"line":1,"column":35}},"1":{"start":{"line":2,"column":0},"end":{"line":2,"column":33}},"2":{"start":{"line":4,"column":25},"end":{"line":58,"column":1}},"3":{"start":{"line":5,"column":2},"end":{"line":7,"column":null}},"4":{"start":{"line":6,"column":4},"end":{"line":6,"column":null}},"5":{"start":{"line":9,"column":2},"end":{"line":57,"column":null}},"6":{"start":{"line":60,"column":0},"end":{"line":60,"column":null}}},"fnMap":{"0":{"name":"(anonymous_1)","decl":{"start":{"line":4,"column":25},"end":{"line":4,"column":28}},"loc":{"start":{"line":4,"column":30},"end":{"line":58,"column":1}}},"1":{"name":"(anonymous_2)","decl":{"start":{"line":5,"column":12},"end":{"line":5,"column":15}},"loc":{"start":{"line":5,"column":17},"end":{"line":7,"column":3}}}},"branchMap":{},"s":{"0":1,"1":1,"2":1,"3":2,"4":2,"5":2,"6":1},"f":{"0":2,"1":2},"b":{}}
,"D:\\Kuliah\\Synrgy Academy\\Challange\\Chapter 8\\24001143-synrgy7-sahid-bcrfrontend-ch8\\src\\components\\fragments\\LandingPage\\gettingStartedSection.tsx": {"path":"D:\\Kuliah\\Synrgy Academy\\Challange\\Chapter 8\\24001143-synrgy7-sahid-bcrfrontend-ch8\\src\\components\\fragments\\LandingPage\\gettingStartedSection.tsx","statementMap":{"0":{"start":{"line":1,"column":0},"end":{"line":1,"column":39}},"1":{"start":{"line":3,"column":40},"end":{"line":21,"column":1}},"2":{"start":{"line":4,"column":2},"end":{"line":20,"column":null}},"3":{"start":{"line":23,"column":0},"end":{"line":23,"column":null}}},"fnMap":{"0":{"name":"(anonymous_0)","decl":{"start":{"line":3,"column":40},"end":{"line":3,"column":43}},"loc":{"start":{"line":3,"column":45},"end":{"line":21,"column":1}}}},"branchMap":{},"s":{"0":1,"1":1,"2":1,"3":1},"f":{"0":1},"b":{}}
,"D:\\Kuliah\\Synrgy Academy\\Challange\\Chapter 8\\24001143-synrgy7-sahid-bcrfrontend-ch8\\src\\components\\fragments\\LandingPage\\heroSection.tsx": {"path":"D:\\Kuliah\\Synrgy Academy\\Challange\\Chapter 8\\24001143-synrgy7-sahid-bcrfrontend-ch8\\src\\components\\fragments\\LandingPage\\heroSection.tsx","statementMap":{"0":{"start":{"line":1,"column":0},"end":{"line":1,"column":52}},"1":{"start":{"line":2,"column":0},"end":{"line":2,"column":56}},"2":{"start":{"line":4,"column":30},"end":{"line":32,"column":1}},"3":{"start":{"line":5,"column":19},"end":{"line":5,"column":32}},"4":{"start":{"line":6,"column":20},"end":{"line":6,"column":49}},"5":{"start":{"line":8,"column":2},"end":{"line":31,"column":null}},"6":{"start":{"line":34,"column":0},"end":{"line":34,"column":null}}},"fnMap":{"0":{"name":"(anonymous_1)","decl":{"start":{"line":4,"column":30},"end":{"line":4,"column":33}},"loc":{"start":{"line":4,"column":35},"end":{"line":32,"column":1}}}},"branchMap":{"0":{"loc":{"start":{"line":14,"column":11},"end":{"line":21,"column":null}},"type":"binary-expr","locations":[{"start":{"line":14,"column":11},"end":{"line":14,"column":21}},{"start":{"line":15,"column":12},"end":{"line":20,"column":null}}]}},"s":{"0":1,"1":1,"2":1,"3":2,"4":2,"5":2,"6":1},"f":{"0":2},"b":{"0":[2,1]}}
,"D:\\Kuliah\\Synrgy Academy\\Challange\\Chapter 8\\24001143-synrgy7-sahid-bcrfrontend-ch8\\src\\components\\fragments\\LandingPage\\ourSection.tsx": {"path":"D:\\Kuliah\\Synrgy Academy\\Challange\\Chapter 8\\24001143-synrgy7-sahid-bcrfrontend-ch8\\src\\components\\fragments\\LandingPage\\ourSection.tsx","statementMap":{"0":{"start":{"line":1,"column":0},"end":{"line":1,"column":33}},"1":{"start":{"line":2,"column":0},"end":{"line":2,"column":35}},"2":{"start":{"line":3,"column":0},"end":{"line":3,"column":63}},"3":{"start":{"line":5,"column":29},"end":{"line":46,"column":1}},"4":{"start":{"line":6,"column":2},"end":{"line":8,"column":null}},"5":{"start":{"line":7,"column":4},"end":{"line":7,"column":null}},"6":{"start":{"line":9,"column":2},"end":{"line":45,"column":null}},"7":{"start":{"line":48,"column":0},"end":{"line":48,"column":null}}},"fnMap":{"0":{"name":"(anonymous_1)","decl":{"start":{"line":5,"column":29},"end":{"line":5,"column":32}},"loc":{"start":{"line":5,"column":34},"end":{"line":46,"column":1}}},"1":{"name":"(anonymous_2)","decl":{"start":{"line":6,"column":12},"end":{"line":6,"column":15}},"loc":{"start":{"line":6,"column":17},"end":{"line":8,"column":3}}}},"branchMap":{},"s":{"0":1,"1":1,"2":1,"3":1,"4":1,"5":1,"6":1,"7":1},"f":{"0":1,"1":1},"b":{}}
,"D:\\Kuliah\\Synrgy Academy\\Challange\\Chapter 8\\24001143-synrgy7-sahid-bcrfrontend-ch8\\src\\components\\fragments\\LandingPage\\whyUsSection.tsx": {"path":"D:\\Kuliah\\Synrgy Academy\\Challange\\Chapter 8\\24001143-synrgy7-sahid-bcrfrontend-ch8\\src\\components\\fragments\\LandingPage\\whyUsSection.tsx","statementMap":{"0":{"start":{"line":1,"column":0},"end":{"line":1,"column":35}},"1":{"start":{"line":2,"column":0},"end":{"line":2,"column":33}},"2":{"start":{"line":3,"column":31},"end":{"line":39,"column":1}},"3":{"start":{"line":4,"column":2},"end":{"line":6,"column":null}},"4":{"start":{"line":5,"column":4},"end":{"line":5,"column":null}},"5":{"start":{"line":7,"column":2},"end":{"line":38,"column":null}},"6":{"start":{"line":41,"column":0},"end":{"line":41,"column":null}}},"fnMap":{"0":{"name":"(anonymous_1)","decl":{"start":{"line":3,"column":31},"end":{"line":3,"column":34}},"loc":{"start":{"line":3,"column":36},"end":{"line":39,"column":1}}},"1":{"name":"(anonymous_2)","decl":{"start":{"line":4,"column":12},"end":{"line":4,"column":15}},"loc":{"start":{"line":4,"column":17},"end":{"line":6,"column":3}}}},"branchMap":{},"s":{"0":1,"1":1,"2":1,"3":1,"4":1,"5":1,"6":1},"f":{"0":1,"1":1},"b":{}}
}
